授权	发布	：	中共中央	关于	全面	深化改革	若干	重大	问题	的	决定	
	
	　	　	新华社	北京	11	月	15	日电	 	 	中共中央	关于	全面	深化改革	若干	重大	问题	的	决定	
	（	2013	年	11	月	12	日	中国共产党	第十八届	中央委员会	第三次	全体会议	通过	）	
	　	　	为	贯彻落实	党	的	十八	大	关于	全面	深化改革	的	战略部署	，	十八	届	中央委员会	第三次	全体会议	研究	了	全面	深化改革	的	若干	重大	问题	，	作出	如下	决定	。	
	　	　	一	、	全面	深化改革	的	重大意义	和	指导思想	
	　	　	（	1	）	改革开放	是	党	在	新	的	时代	条件	下	带领	全国	各族人民	进行	的	新	的	伟大	革命	，	是	当代	中国	最	鲜明	的	特色	。	党	的	十一届三中全会	召开	三十五年	来	，	我们	党以	巨大	的	政治	勇气	，	锐意	推进	经济体制	、	政治体制	、	文化	体制	、	社会	体制	、	生态	文明	体制	和	党的建设	制度	改革	，	不断	扩大开放	，	决心	之大	、	变革	之深	、	影响	之广	前所未有	，	成就	举世瞩目	。	
	　	　	改革开放	最	主要	的	成果	是	开创	和	发展	了	中国	特色	社会主义	，	为	社会主义	现代化	建设	提供	了	强大	动力	和	有力	保障	。	事实证明	，	改革开放	是	决定	当代	中国	命运	的	关键	抉择	，	是	党和人民	事业	大踏步	赶上	时代	的	重要	法宝	。	
	　	　	实践	发展	永无止境	，	解放思想	永无止境	，	改革开放	永无止境	。	面对	新	形势	新	任务	，	全面	建成	小康社会	，	进而	建成	富强	民主	文明	和谐	的	社会主义	现代化	国家	、	实现	中华民族	伟大	复兴	的	中国	梦	，	必须	在	新	的	历史	起点	上	全面	深化改革	，	不断	增强	中国	特色	社会主义	道路	自信	、	理论	自信	、	制度	自信	。	
	　	　	（	2	）	全面	深化改革	，	必须	高举	中国	特色	社会主义	伟大旗帜	，	以	马克思列宁主义	、	毛泽东思想	、	邓小平理论	、	“	三个代表	”	重要	思想	、	科学	发展观	为	指导	，	坚定信心	，	凝聚	共识	，	统筹	谋划	，	协同	推进	，	坚持	社会主义	市场经济	改革	方向	，	以	促进	社会	公平正义	、	增进	人民	福祉	为	出发点	和	落脚点	，	进一步	解放思想	、	解放	和	发展	社会	生产力	、	解放	和	增强	社会	活力	，	坚决	破除	各	方面	体制	机制	弊端	，	努力	开拓	中国	特色	社会主义	事业	更加	广阔	的	前景	。	
	　	　	全面	深化改革	的	总	目标	是	完善	和	发展	中国	特色	社会主义	制度	，	推进	国家	治理	体系	和	治理	能力	现代化	。	必须	更加	注重	改革	的	系统性	、	整体性	、	协同	性	，	加快	发展	社会主义	市场经济	、	民主	政治	、	先进	文化	、	和谐社会	、	生态	文明	，	让	一切	劳动	、	知识	、	技术	、	管理	、	资本	的	活力	竞相	迸发	，	让	一切	创造	社会	财富	的	源泉	充分	涌流	，	让	发展	成果	更	多	更	公平	惠及	全体	人民	。	
	　	　	紧紧围绕	使	市场	在	资源配置	中起	决定性	作用	深化	经济体制	改革	，	坚持	和	完善	基本	经济	制度	，	加快	完善	现代	市场	体系	、	宏观调控	体系	、	开放型	经济	体系	，	加快	转变	经济	发展	方式	，	加快	建设	创新型	国家	，	推动	经济	更	有效率	、	更加	公平	、	更	可	持续	发展	。	
	　	　	紧紧围绕	坚持	党的领导	、	人民	当家作主	、	依法治国	有机	统一	深化	政治	体制改革	，	加快	推进	社会主义	民主	政治	制度化	、	规范化	、	程序化	，	建设	社会主义	法治	国家	，	发展	更加	广泛	、	更加	充分	、	更加	健全	的	人民	民主	。	
	　	　	紧紧围绕	建设	社会主义	核心	价值体系	、	社会主义	文化	强国	深化	文化	体制改革	，	加快	完善	文化	管理体制	和	文化	生产	经营机制	，	建立健全	现代	公共	文化	服务体系	、	现代	文化	市场	体系	，	推动	社会主义	文化	大	发展	大	繁荣	。	
	　	　	紧紧围绕	更好	保障	和	改善	民生	、	促进	社会	公平正义	深化	社会	体制改革	，	改革	收入	分配制度	，	促进	共同富裕	，	推进	社会	领域	制度	创新	，	推进	基本	公共服务	均等化	，	加快	形成	科学	有效	的	社会	治理	体制	，	确保	社会	既	充满活力	又	和谐	有序	。	
	　	　	紧紧围绕	建设	美丽	中国	深化	生态	文明	体制改革	，	加快	建立	生态	文明	制度	，	健全	国土	空间	开发	、	资源	节约	利用	、	生态	环境保护	的	体制	机制	，	推动	形成	人与自然	和谐	发展	现代化	建设	新格局	。	
	　	　	紧紧围绕	提高	科学	执政	、	民主	执政	、	依法	执政	水平	深化	党的建设	制度	改革	，	加强	民主集中制	建设	，	完善	党的领导	体制	和	执政	方式	，	保持	党	的	先进性	和	纯洁性	，	为	改革开放	和	社会主义	现代化	建设	提供	坚强	政治	保证	。	
	　	　	（	3	）	全面	深化改革	，	必须	立足于	我国	长期	处于	社会主义	初级阶段	这个	最大	实际	，	坚持	发展	仍	是	解决	我国	所有	问题	的	关键	这个	重大	战略	判断	，	以	经济	建设	为	中心	，	发挥	经济体制	改革	牵引	作用	，	推动	生产关系	同	生产力	、	上层建筑	同	经济基础	相适应	，	推动	经济社会	持续	健康	发展	。	
	　	　	经济体制	改革	是	全面	深化改革	的	重点	，	核心	问题	是	处理	好	政府	和	市场	的	关系	，	使	市场	在	资源配置	中起	决定性	作用	和	更好	发挥	政府	作用	。	市场	决定	资源配置	是	市场经济	的	一般	规律	，	健全	社会主义	市场	经济体制	必须	遵循	这	条	规律	，	着力	解决	市场	体系	不	完善	、	政府	干预	过多	和	监管	不	到位	问题	。	
	　	　	必须	积极	稳妥	从	广度	和	深度	上	推进	市场化	改革	，	大幅度	减少	政府	对	资源	的	直接	配置	，	推动	资源配置	依据	市场	规则	、	市场	价格	、	市场竞争	实现	效益	最大化	和	效率	最优化	。	政府	的	职责	和	作用	主要	是	保持	宏观经济	稳定	，	加强	和	优化	公共服务	，	保障	公平竞争	，	加强	市场监管	，	维护	市场秩序	，	推动	可	持续	发展	，	促进	共同富裕	，	弥补	市场	失灵	。	
	　	　	（	4	）	改革开放	的	成功实践	为	全面	深化改革	提供	了	重要	经验	，	必须	长期	坚持	。	最	重要	的	是	，	坚持	党的领导	，	贯彻	党的基本	路线	，	不	走	封闭	僵化	的	老路	，	不	走	改旗易帜	的	邪路	，	坚定	走	中国	特色	社会主义	道路	，	始终	确保	改革	正确方向	；	坚持	解放思想	、	实事求是	、	与时俱进	、	求真务实	，	一切	从	实际	出发	，	总结	国内	成功	做法	，	借鉴	国外	有益	经验	，	勇于	推进	理论	和	实践	创新	；	坚持	以人为本	，	尊重	人民	主体	地位	，	发挥	群众	首创精神	，	紧紧	依靠人民	推动	改革	，	促进	人	的	全面	发展	；	坚持	正确处理	改革	发展	稳定	关系	，	胆子	要	大	、	步子	要	稳	，	加强	顶层	设计	和	摸着石头过河	相结合	，	整体	推进	和	重点	突破	相	促进	，	提高	改革	决策	科学性	，	广泛	凝聚	共识	，	形成	改革	合力	。	
	　	　	当前	，	我国	发展	进入	新	阶段	，	改革	进入	攻坚	期	和	深水	区	。	必须	以	强烈	的	历史使命感	，	最大	限度	集中	全党	全	社会	智慧	，	最大	限度	调动	一切	积极因素	，	敢于	啃	硬骨头	，	敢于	涉险	滩	，	以	更	大	决心	冲破	思想观念	的	束缚	、	突破	利益	固化	的	藩篱	，	推动	中国	特色	社会主义	制度	自我完善	和	发展	。	
	　	　	到	二	0	二	0	年	，	在	重要	领域	和	关键环节	改革	上	取得	决定性	成果	，	完成	本	决定	提出	的	改革	任务	，	形成	系统	完备	、	科学规范	、	运行	有效	的	制度	体系	，	使	各	方面	制度	更加	成熟	更加	定型	。	
	　	　	二	、	坚持	和	完善	基本	经济	制度	
	　	　	公有制	为	主体	、	多种	所有制	经济	共同	发展	的	基本	经济	制度	，	是	中国	特色	社会主义	制度	的	重要	支柱	，	也	是	社会主义	市场	经济体制	的	根基	。	公有制	经济	和	非公有制	经济	都	是	社会主义	市场经济	的	重要	组成部分	，	都	是	我国	经济社会	发展	的	重要	基础	。	必须	毫不动摇	巩固	和	发展	公有制	经济	，	坚持	公有制	主体	地位	，	发挥	国有经济	主导作用	，	不断	增强	国有经济	活力	、	控制力	、	影响力	。	必须	毫不动摇	鼓励	、	支持	、	引导	非公有制	经济	发展	，	激发	非公有制	经济	活力	和	创造力	。	
	　	　	（	5	）	完善	产权保护	制度	。	产权	是	所有制	的	核心	。	健全	归属	清晰	、	权责	明确	、	保护	严格	、	流转	顺畅	的	现代	产权制度	。	公有制	经济	财产权	不可	侵犯	，	非公有制	经济	财产权	同样	不可	侵犯	。	
	　	　	国家	保护	各种	所有制	经济	产权	和	合法利益	，	保证	各种	所有制	经济	依法	平等	使用	生产	要素	、	公开	公平	公正	参与	市场竞争	、	同等	受到	法律	保护	，	依法	监管	各种	所有制	经济	。	
	　	　	（	6	）	积极	发展	混合	所有制	经济	。	国有资本	、	集体	资本	、	非公有	资本	等	交叉	持股	、	相互	融合	的	混合	所有制	经济	，	是	基本	经济	制度	的	重要	实现	形式	，	有利于	国有资本	放大	功能	、	保值	增值	、	提高	竞争力	，	有利于	各种	所有制	资本	取长补短	、	相互促进	、	共同	发展	。	允许	更	多	国有经济	和	其他	所有制	经济	发展	成为	混合	所有制	经济	。	国有资本	投资	项目	允许	非国有	资本	参股	。	允许	混合	所有制	经济	实行	企业	员工	持股	，	形成	资本	所有者	和	劳动者	利益	共同体	。	
	　	　	完善	国有资产	管理体制	，	以管	资本	为主	加强	国有资产	监管	，	改革	国有资本	授权	经营	体制	，	组建	若干	国有资本	运营	公司	，	支持	有	条件	的	国有企业	改组	为	国有资本	投资	公司	。	国有资本	投资	运营	要	服务	于	国家	战略目标	，	更	多	投向	关系	国家	安全	、	国民经济	命脉	的	重要	行业	和	关键	领域	，	重点	提供	公共服务	、	发展	重要	前瞻性	战略性	产业	、	保护	生态环境	、	支持	科技进步	、	保障	国家	安全	。	
	　	　	划转	部分	国有资本	充实	社会保障	基金	。	完善	国有资本	经营	预算	制度	，	提高	国有资本	收益	上缴	公共财政	比例	，	二	０	二	０	年	提到	百分之三十	，	更	多	用于	保障	和	改善	民生	。	
	　	　	（	7	）	推动	国有企业	完善	现代	企业	制度	。	国有企业	属于	全民所有	，	是	推进	国家	现代化	、	保障	人民	共同利益	的	重要	力量	。	国有企业	总体	上	已经	同	市场经济	相	融合	，	必须	适应	市场化	、	国际化	新	形势	，	以	规范	经营	决策	、	资产	保值	增值	、	公平	参与	竞争	、	提高	企业	效率	、	增强	企业	活力	、	承担	社会	责任	为	重点	，	进一步	深化	国有企业	改革	。	
	　	　	准确	界定	不同	国有企业	功能	。	国有资本	加大	对	公益性	企业	的	投入	，	在	提供	公共服务	方面	作出	更大	贡献	。	国有资本	继续	控股	经营	的	自然	垄断行业	，	实行	以	政企分开	、	政资	分开	、	特许	经营	、	政府	监管	为	主要	内容	的	改革	，	根据	不同	行业	特点	实行	网运	分开	、	放开	竞争性	业务	，	推进	公共资源	配置	市场化	。	进一步	破除	各种	形式	的	行政	垄断	。	
	　	　	健全	协调	运转	、	有效	制衡	的	公司法人	治理	结构	。	建立	职业	经理人	制度	，	更好	发挥	企业家	作用	。	深化	企业	内部	管理人员	能上能下	、	员工	能进能出	、	收入	能增能减	的	制度	改革	。	建立	长效	激励	约束	机制	，	强化	国有企业	经营	投资	责任	追究	。	探索	推进	国有企业	财务预算	等	重大	信息	公开	。	
	　	　	国有企业	要	合理	增加	市场化	选聘	比例	，	合理	确定	并	严格	规范	国有企业	管理人员	薪酬	水平	、	职务	待遇	、	职务	消费	、	业务	消费	。	
	　	　	（	8	）	支持	非公有制	经济	健康	发展	。	非公有制	经济	在	支撑	增长	、	促进	创新	、	扩大	就业	、	增加	税收	等	方面	具有	重要	作用	。	坚持	权利	平等	、	机会	平等	、	规则	平等	，	废除	对	非公有制	经济	各种	形式	的	不合理	规定	，	消除	各种	隐性	壁垒	，	制定	非公有制	企业	进入	特许	经营	领域	具体办法	。	
	　	　	鼓励	非公有制	企业	参与	国有企业	改革	，	鼓励	发展	非公有	资本	控股	的	混合	所有制	企业	，	鼓励	有	条件	的	私营企业	建立	现代	企业	制度	。	
	 	 	 	 	三	、	加快	完善	现代	市场	体系	
	　	　	建设	统一	开放	、	竞争	有序	的	市场	体系	，	是	使	市场	在	资源配置	中起	决定性	作用	的	基础	。	必须	加快	形成	企业	自主经营	、	公平竞争	，	消费者	自由选择	、	自主	消费	，	商品	和	要素	自由	流动	、	平等	交换	的	现代	市场	体系	，	着力	清除	市场	壁垒	，	提高	资源配置	效率	和	公平性	。	
	　	　	（	9	）	建立	公平	开放	透明	的	市场	规则	。	实行	统一	的	市场准入	制度	，	在	制定	负面	清单	基础	上	，	各类	市场主体	可	依法	平等	进入	清单	之外	领域	。	探索	对	外商投资	实行	准入	前	国民待遇	加	负面	清单	的	管理模式	。	推进	工商	注册	制度	便利化	，	削减	资质	认定	项目	，	由	先证	后照	改为	先照	后证	，	把	注册资本	实缴	登记制	逐步	改为	认缴	登记制	。	推进	国内贸易	流通	体制改革	，	建设	法治化	营商	环境	。	
	　	　	改革	市场监管	体系	，	实行	统一	的	市场监管	，	清理	和	废除	妨碍	全国	统一	市场	和	公平竞争	的	各种	规定	和	做法	，	严禁	和	惩处	各类	违法	实行	优惠政策	行为	，	反对	地方	保护	，	反对	垄断	和	不	正当竞争	。	建立健全	社会	征信	体系	，	褒扬	诚信	，	惩戒	失信	。	健全	优胜劣汰	市场化	退出	机制	，	完善	企业破产	制度	。	
	　	　	（	10	）	完善	主要	由	市场	决定	价格	的	机制	。	凡是	能	由	市场	形成	价格	的	都	交给	市场	，	政府	不	进行	不当	干预	。	推进	水	、	石油	、	天然气	、	电力	、	交通	、	电信	等	领域	价格	改革	，	放开	竞争性	环节	价格	。	政府	定价	范围	主要	限定	在	重要	公用事业	、	公益性	服务	、	网络	型	自然	垄断	环节	，	提高	透明度	，	接受	社会	监督	。	完善	农产品	价格	形成	机制	，	注重	发挥	市场	形成	价格	作用	。	
	　	　	（	11	）	建立	城乡	统一	的	建设	用地	市场	。	在	符合	规划	和	用途	管制	前提	下	，	允许	农村	集体	经营性	建设	用地	出让	、	租赁	、	入股	，	实行	与	国有土地	同等	入市	、	同权	同价	。	缩小	征地	范围	，	规范	征地	程序	，	完善	对	被	征地	农民	合理	、	规范	、	多元	保障机制	。	扩大	国有土地	有偿	使用	范围	，	减少	非	公益性	用地	划拨	。	建立	兼顾	国家	、	集体	、	个人	的	土地增值	收益分配	机制	，	合理	提高	个人	收益	。	完善	土地	租赁	、	转让	、	抵押	二级	市场	。	
	　	　	（	12	）	完善	金融市场	体系	。	扩大	金融业	对内	对外开放	，	在	加强	监管	前提	下	，	允许	具备条件	的	民间	资本	依法	发起	设立	中小型	银行	等	金融机构	。	推进	政策性	金融机构	改革	。	健全	多层次	资本	市场	体系	，	推进	股票	发行	注册	制	改革	，	多渠道	推动	股权	融资	，	发展	并	规范	债券市场	，	提高	直接	融资	比重	。	完善	保险	经济	补偿	机制	，	建立	巨灾	保险制度	。	发展	普惠	金融	。	鼓励	金融	创新	，	丰富	金融市场	层次	和	产品	。	
	　	　	完善	人民币	汇率	市场化	形成	机制	，	加快	推进	利率	市场化	，	健全	反映	市场	供求关系	的	国债	收益率	曲线	。	推动	资本	市场	双向	开放	，	有序	提高	跨境	资本	和	金融交易	可兑换	程度	，	建立健全	宏观	审慎	管理	框架	下	的	外债	和	资本	流动	管理体系	，	加快	实现	人民币	资本	项目	可兑换	。	
	　	　	落实	金融监管	改革	措施	和	稳健	标准	，	完善	监管	协调	机制	，	界定	中央	和	地方	金融监管	职责	和	风险	处置	责任	。	建立	存款	保险制度	，	完善	金融机构	市场化	退出	机制	。	加强	金融	基础设施	建设	，	保障	金融市场	安全	高效	运行	和	整体	稳定	。	
	　	　	（	13	）	深化	科技体制	改革	。	建立健全	鼓励	原始	创新	、	集成	创新	、	引进	消化吸收	再	创新	的	体制	机制	，	健全	技术创新	市场导向	机制	，	发挥	市场	对	技术	研发	方向	、	路线	选择	、	要素	价格	、	各类	创新	要素	配置	的	导向	作用	。	建立	产学研	协同	创新	机制	，	强化	企业	在	技术创新	中	的	主体	地位	，	发挥	大型	企业	创新	骨干	作用	，	激发	中小企业	创新	活力	，	推进	应用型	技术	研发	机构	市场化	、	企业化	改革	，	建设	国家	创新	体系	。	
	　	　	加强	知识产权	运用	和	保护	，	健全	技术创新	激励机制	，	探索	建立	知识产权	法院	。	打破	行政	主导	和	部门	分割	，	建立	主要	由	市场	决定	技术创新	项目	和	经费	分配	、	评价	成果	的	机制	。	发展	技术	市场	，	健全	技术	转移	机制	，	改善	科技型	中小企业	融资	条件	，	完善	风险投资	机制	，	创新	商业模式	，	促进	科技成果	资本化	、	产业化	。	
	　	　	整合	科技	规划	和	资源	，	完善	政府	对	基础性	、	战略性	、	前沿性	科学研究	和	共性	技术	研究	的	支持	机制	。	国家	重大	科研	基础设施	依照	规定	应该	开放	的	一律	对	社会	开放	。	建立	创新	调查	制度	和	创新	报告	制度	，	构建	公开	透明	的	国家	科研	资源管理	和	项目	评价	机制	。	
	　	　	改革	院士	遴选	和	管理体制	，	优化	学科	布局	，	提高	中青年	人才	比例	，	实行	院士	退休	和	退出	制度	。	
	　	　	四	、	加快	转变	政府职能	
	　	　	科学	的	宏观调控	，	有效	的	政府	治理	，	是	发挥	社会主义	市场	经济体制	优势	的	内在	要求	。	必须	切实	转变	政府职能	，	深化	行政	体制改革	，	创新	行政	管理	方式	，	增强	政府	公信力	和	执行力	，	建设	法治	政府	和	服务型	政府	。	
	　	　	（	14	）	健全	宏观调控	体系	。	宏观调控	的	主要	任务	是	保持	经济总量	平衡	，	促进	重大	经济	结构	协调	和	生产力	布局	优化	，	减缓	经济周期	波动	影响	，	防范	区域性	、	系统性	风险	，	稳定	市场	预期	，	实现	经济	持续	健康	发展	。	健全	以	国家	发展	战略	和	规划	为	导向	、	以	财政政策	和	货币政策	为	主要	手段	的	宏观调控	体系	，	推进	宏观调控	目标	制定	和	政策	手段	运用	机制化	，	加强	财政政策	、	货币政策	与	产业	、	价格	等	政策	手段	协调	配合	，	提高	相机	抉择	水平	，	增强	宏观调控	前瞻性	、	针对性	、	协同	性	。	形成	参与	国际	宏观经济	政策	协调	的	机制	，	推动	国际	经济	治理	结构	完善	。	
	　	　	深化	投资体制	改革	，	确立	企业	投资	主体	地位	。	企业	投资	项目	，	除	关系	国家	安全	和	生态	安全	、	涉及	全国	重大	生产力	布局	、	战略性	资源	开发	和	重大	公共利益	等	项目	外	，	一律	由	企业	依法	依规	自主	决策	，	政府	不再	审批	。	强化	节能	节地	节水	、	环境	、	技术	、	安全	等	市场准入	标准	，	建立健全	防范	和	化解	产能	过剩	长效机制	。	
	　	　	完善	发展	成果	考核	评价	体系	，	纠正	单纯	以	经济	增长速度	评定	政绩	的	偏向	，	加大	资源	消耗	、	环境	损害	、	生态效益	、	产能	过剩	、	科技	创新	、	安全	生产	、	新增	债务	等	指标	的	权重	，	更加	重视	劳动就业	、	居民收入	、	社会保障	、	人民	健康状况	。	加快	建立	国家	统一	的	经济核算	制度	，	编制	全国	和	地方	资产	负债表	，	建立	全	社会	房产	、	信用	等	基础	数据	统一	平台	，	推进	部门	信息	共享	。	
	　	　	（	15	）	全面	正确	履行	政府职能	。	进一步	简政放权	，	深化	行政	审批	制度	改革	，	最大	限度	减少	中央政府	对	微观	事务	的	管理	，	市场机制	能	有效	调节	的	经济	活动	，	一律	取消	审批	，	对	保留	的	行政	审批	事项	要	规范	管理	、	提高效率	；	直接	面向基层	、	量	大	面广	、	由	地方	管理	更	方便	有效	的	经济社会	事项	，	一律	下放	地方	和	基层	管理	。	
	　	　	政府	要	加强	发展	战略	、	规划	、	政策	、	标准	等	制定	和	实施	，	加强	市场	活动	监管	，	加强	各类	公共服务	提供	。	加强	中央政府	宏观调控	职责	和	能力	，	加强	地方	政府	公共服务	、	市场监管	、	社会	管理	、	环境保护	等	职责	。	推广	政府	购买	服务	，	凡属	事务性	管理	服务	，	原则上	都	要	引入	竞争机制	，	通过	合同	、	委托	等	方式	向	社会	购买	。	
	　	　	加快	事业单位	分类	改革	，	加大	政府	购买	公共服务	力度	，	推动	公办	事业单位	与	主管部门	理顺	关系	和	去	行政化	，	创造条件	，	逐步	取消	学校	、	科研院所	、	医院	等	单位	的	行政级别	。	建立	事业单位	法人	治理	结构	，	推进	有	条件	的	事业单位	转为	企业	或	社会	组织	。	建立	各类	事业单位	统一	登记	管理制度	。	
	　	　	（	16	）	优化	政府	组织	结构	。	转变	政府职能	必须	深化	机构	改革	。	优化	政府	机构	设置	、	职能	配置	、	工作	流程	，	完善	决策权	、	执行权	、	监督权	既	相互	制约	又	相互	协调	的	行政	运行机制	。	严格	绩效	管理	，	突出	责任	落实	，	确保	权责	一致	。	
	　	　	统筹	党政群	机构	改革	，	理顺	部门	职责	关系	。	积极	稳妥	实施	大	部门	制	。	优化	行政区划	设置	，	有	条件	的	地方	探索	推进	省	直接	管理	县	（	市	）	体制改革	。	严格控制	机构编制	，	严格	按规定	职数	配备	领导	干部	，	减少	机构	数量	和	领导	职数	，	严格控制	财政	供养	人员	总量	。	推进	机构编制	管理	科学化	、	规范化	、	法制化	。	
	　	　	五	、	深化	财税	体制改革	
	　	　	财政	是	国家	治理	的	基础	和	重要	支柱	，	科学	的	财税	体制	是	优化	资源配置	、	维护	市场	统一	、	促进	社会	公平	、	实现	国家	长治久安	的	制度	保障	。	必须	完善	立法	、	明确	事权	、	改革	税制	、	稳定	税负	、	透明	预算	、	提高效率	，	建立	现代	财政	制度	，	发挥	中央	和	地方	两个	积极性	。	
	　	　	（	17	）	改进	预算	管理制度	。	实施	全面	规范	、	公开	透明	的	预算	制度	。	审核	预算	的	重点	由	平衡	状态	、	赤字	规模	向	支出	预算	和	政策	拓展	。	清理	规范	重点	支出	同	财政收支	增幅	或	生产总值	挂钩	事项	，	一般	不	采取	挂钩	方式	。	建立	跨年度	预算	平衡	机制	，	建立	权责	发生	制	的	政府	综合	财务报告	制度	，	建立	规范	合理	的	中央	和	地方	政府	债务	管理	及	风险	预警	机制	。	
	　	　	完善	一般性	转移	支付	增长	机制	，	重点	增加	对	革命	老区	、	民族	地区	、	边疆地区	、	贫困地区	的	转移	支付	。	中央	出台	增支	政策	形成	的	地方	财力	缺口	，	原则上	通过	一般性	转移	支付	调节	。	清理	、	整合	、	规范	专项	转移	支付	项目	，	逐步	取消	竞争性	领域	专项	和	地方	资金	配套	，	严格控制	引导	类	、	救济	类	、	应急	类	专项	，	对	保留	专项	进行	甄别	，	属	地方	事务	的	划入	一般性	转移	支付	。	
	　	　	（	18	）	完善	税收制度	。	深化	税收制度	改革	，	完善	地方税	体系	，	逐步提高	直接税	比重	。	推进	增值税	改革	，	适当	简化	税率	。	调整	消费税	征收	范围	、	环节	、	税率	，	把	高耗能	、	高污染	产品	及	部分	高档	消费品	纳入	征收	范围	。	逐步	建立	综合	与	分类	相结合	的	个人所得税	制	。	加快	房地产	税	立法	并	适时	推进改革	，	加快	资源税	改革	，	推动	环境保护	费改税	。	
	　	　	按照	统一	税制	、	公平	税负	、	促进	公平竞争	的	原则	，	加强	对	税收	优惠	特别	是	区域	税收	优惠政策	的	规范	管理	。	税收	优惠政策	统一	由	专门	税收法律	法规	规定	，	清理	规范	税收	优惠政策	。	完善	国税	、	地税	征管	体制	。	
	　	　	（	19	）	建立	事权	和	支出	责任	相适应	的	制度	。	适度	加强	中央	事权	和	支出	责任	，	国防	、	外交	、	国家	安全	、	关系	全国	统一	市场	规则	和	管理	等	作为	中央	事权	；	部分	社会保障	、	跨	区域	重大项目	建设	维护	等	作为	中央	和	地方	共同	事权	，	逐步	理顺	事权	关系	；	区域性	公共服务	作为	地方	事权	。	中央	和	地方	按照	事权	划分	相应	承担	和	分担	支出	责任	。	中央	可	通过	安排	转移	支付	将	部分	事权	支出	责任	委托	地方	承担	。	对于	跨	区域	且	对	其他	地区	影响	较大	的	公共服务	，	中央	通过	转移	支付	承担	一部分	地方	事权	支出	责任	。	
	　	　	保持	现有	中央	和	地方	财力	格局	总体	稳定	，	结合	税制	改革	，	考虑	税种	属性	，	进一步	理顺	中央	和	地方	收入	划分	。	
	 	 	 	 	六	、	健全	城乡	发展	一体化	体制	机制	
	　	　	城乡	二元	结构	是	制约	城乡	发展	一体化	的	主要	障碍	。	必须	健全	体制	机制	，	形成	以工	促农	、	以城带	乡	、	工农	互惠	、	城乡	一体	的	新型	工农	城乡	关系	，	让	广大	农民	平等	参与	现代化	进程	、	共同	分享	现代化	成果	。	
	　	　	（	20	）	加快	构建	新型	农业	经营	体系	。	坚持	家庭经营	在	农业	中	的	基础性	地位	，	推进	家庭经营	、	集体	经营	、	合作经营	、	企业	经营	等	共同	发展	的	农业	经营方式	创新	。	坚持	农村土地	集体所有	权	，	依法	维护	农民	土地	承包	经营权	，	发展壮大	集体经济	。	稳定	农村土地	承包	关系	并	保持	长久	不变	，	在	坚持	和	完善	最	严格	的	耕地	保护	制度	前提	下	，	赋予	农民	对	承包地	占有	、	使用	、	收益	、	流转	及	承包	经营权	抵押	、	担保	权能	，	允许	农民	以	承包	经营权	入股	发展	农业	产业化	经营	。	鼓励	承包	经营权	在	公开市场	上	向	专业	大户	、	家庭	农场	、	农民	合作社	、	农业	企业	流转	，	发展	多种形式	规模经营	。	
	　	　	鼓励	农村	发展	合作	经济	，	扶持	发展	规模化	、	专业化	、	现代化	经营	，	允许	财政	项目	资金	直接	投向	符合条件	的	合作社	，	允许	财政	补助	形成	的	资产	转交	合作社	持有	和	管护	，	允许	合作社	开展	信用合作	。	鼓励	和	引导	工商	资本	到	农村	发展	适合	企业化	经营	的	现代	种养业	，	向	农业	输入	现代	生产	要素	和	经营	模式	。	
	　	　	（	21	）	赋予	农民	更	多	财产权利	。	保障	农民	集体经济	组织	成员	权利	，	积极	发展	农民	股份合作	，	赋予	农民	对	集体	资产	股份	占有	、	收益	、	有偿	退出	及	抵押	、	担保	、	继承权	。	保障	农户	宅基地	用	益物权	，	改革	完善	农村	宅基地	制度	，	选择	若干	试点	，	慎重	稳妥	推进	农民	住房	财产权	抵押	、	担保	、	转让	，	探索	农民	增加	财产性	收入	渠道	。	建立	农村	产权	流转	交易市场	，	推动	农村	产权	流转	交易	公开	、	公正	、	规范	运行	。	
	　	　	（	22	）	推进	城乡	要素	平等	交换	和	公共资源	均衡	配置	。	维护	农民	生产	要素	权益	，	保障	农民工	同工同酬	，	保障	农民	公平	分享	土地增值	收益	，	保障	金融机构	农村	存款	主要	用于	农业	农村	。	健全	农业	支持	保护	体系	，	改革	农业	补贴	制度	，	完善	粮食	主产区	利益	补偿	机制	。	完善	农业	保险制度	。	鼓励	社会	资本	投向	农村	建设	，	允许	企业	和	社会	组织	在	农村	兴办	各类	事业	。	统筹	城乡	基础设施	建设	和	社区	建设	，	推进	城乡	基本	公共服务	均等化	。	
	　	　	（	23	）	完善	城镇化	健康	发展	体制	机制	。	坚持	走	中国	特色	新型	城镇化	道路	，	推进	以	人为	核心	的	城镇化	，	推动	大中小城市	和	小城镇	协调	发展	、	产业	和	城镇	融合	发展	，	促进	城镇化	和	新	农村	建设	协调	推进	。	优化	城市	空间结构	和	管理	格局	，	增强	城市	综合	承载能力	。	
	　	　	推进	城市	建设	管理	创新	。	建立	透明	规范	的	城市	建设	投融资	机制	，	允许	地方	政府	通过	发债	等	多种	方式	拓宽	城市	建设	融资	渠道	，	允许	社会	资本	通过	特许	经营	等	方式	参与	城市	基础设施	投资	和	运营	，	研究	建立	城市	基础设施	、	住宅	政策性	金融机构	。	完善	设市	标准	，	严格	审批	程序	，	对	具备	行政区划	调整	条件	的	县	可	有序	改市	。	对	吸纳	人口	多	、	经济	实力	强	的	镇	，	可	赋予	同	人口	和	经济	规模	相适应	的	管理权	。	建立	和	完善	跨	区域	城市	发展	协调	机制	。	
	　	　	推进	农业	转移	人口	市民化	，	逐步	把	符合条件	的	农业	转移	人口	转为	城镇居民	。	创新	人口	管理	，	加快	户籍制度	改革	，	全面	放开	建制镇	和	小	城市	落户	限制	，	有序	放开	中等城市	落户	限制	，	合理	确定	大城市	落户	条件	，	严格控制	特大城市	人口	规模	。	稳步	推进	城镇	基本	公共服务	常住人口	全	覆盖	，	把	进城	落户	农民	完全	纳入	城镇	住房	和	社会保障	体系	，	在	农村	参加	的	养老保险	和	医疗保险	规范	接入	城镇	社保	体系	。	建立	财政	转移	支付	同	农业	转移	人口	市民化	挂钩	机制	，	从严	合理	供给	城市	建设	用地	，	提高	城市	土地	利用率	。	
	　	　	七	、	构建	开放型	经济	新	体制	
	　	　	适应	经济	全球化	新	形势	，	必须	推动	对内	对外开放	相互促进	、	引进	来	和	走	出去	更好	结合	，	促进	国际	国内	要素	有序	自由	流动	、	资源	高效	配置	、	市场	深度	融合	，	加快	培育	参与	和	引领	国际	经济	合作	竞争	新	优势	，	以	开放	促	改革	。	
	　	　	（	24	）	放宽	投资	准入	。	统一	内外资	法律法规	，	保持	外资	政策	稳定	、	透明	、	可	预期	。	推进	金融	、	教育	、	文化	、	医疗	等	服务业	领域	有序	开放	，	放开	育幼	养老	、	建筑设计	、	会计	审计	、	商贸	物流	、	电子商务	等	服务业	领域	外资	准入	限制	，	进一步	放开	一般	制造业	。	加快	海关	特殊	监管	区域	整合	优化	。	
	　	　	建立	中国	上海	自由贸易	试验区	是	党中央	在	新形势下	推进改革	开放	的	重大	举措	，	要	切实	建设	好	、	管理	好	，	为	全面	深化改革	和	扩大开放	探索	新途径	、	积累	新	经验	。	在	推进	现有	试点	基础	上	，	选择	若干	具备条件	地方	发展	自由贸易	园	（	港	）	区	。	
	　	　	扩大	企业	及	个人	对外	投资	，	确立	企业	及	个人	对外	投资	主体	地位	，	允许	发挥	自身	优势	到	境外	开展	投资	合作	，	允许	自	担风险	到	各国	各	地区	自由	承揽	工程	和	劳务	合作项目	，	允许	创新	方式	走	出去	开展	绿地	投资	、	并购	投资	、	证券	投资	、	联合	投资	等	。	
	　	　	加快	同	有关	国家	和	地区	商签	投资	协定	，	改革	涉外	投资	审批	体制	，	完善	领事	保护	体制	，	提供	权益	保障	、	投资	促进	、	风险	预警	等	更	多	服务	，	扩大	投资	合作	空间	。	
	　	　	（	25	）	加快	自由贸易区	建设	。	坚持	世界	贸易	体制	规则	，	坚持	双边	、	多边	、	区域	次	区域	开放	合作	，	扩大	同	各国	各	地区	利益	汇合点	，	以	周边	为	基础	加快	实施	自由贸易区	战略	。	改革	市场准入	、	海关监管	、	检验	检疫	等	管理体制	，	加快	环境保护	、	投资	保护	、	政府	采购	、	电子商务	等	新	议题	谈判	，	形成	面向	全球	的	高标准	自由贸易区	网络	。	
	　	　	扩大	对	香港特别行政区	、	澳门特别行政区	和	台湾地区	开放	合作	。	
	　	　	（	26	）	扩大	内陆	沿边	开放	。	抓住	全球	产业	重新	布局	机遇	，	推动	内陆	贸易	、	投资	、	技术创新	协调	发展	。	创新	加工	贸易	模式	，	形成	有利于	推动	内陆	产业	集群	发展	的	体制	机制	。	支持	内陆	城市	增开	国际	客货运	航线	，	发展	多式	联运	，	形成	横贯	东	中西	、	联结	南北方	对外	经济	走廊	。	推动	内陆	同	沿海	沿边	通关	协作	，	实现	口岸	管理	相关	部门	信息	互换	、	监管	互认	、	执法	互助	。	
	　	　	加快	沿边	开放	步伐	，	允许	沿边	重点	口岸	、	边境	城市	、	经济	合作	区	在	人员	往来	、	加工	物流	、	旅游	等	方面	实行	特殊	方式	和	政策	。	建立	开发性	金融机构	，	加快	同	周边国家	和	区域	基础设施	互联互通	建设	，	推进	丝绸之路	经济带	、	海上	丝绸之路	建设	，	形成	全方位	开放	新格局	。	
	　	　	八	、	加强	社会主义	民主	政治	制度	建设	
	　	　	发展	社会主义	民主	政治	，	必须	以	保证	人民	当家作主	为	根本	，	坚持	和	完善	人民代表大会	制度	、	中国共产党	领导	的	多党合作	和	政治协商	制度	、	民族区域	自治	制度	以及	基层	群众	自治	制度	，	更加	注重	健全	民主	制度	、	丰富	民主	形式	，	从	各层次	各	领域	扩大	公民	有序	政治	参与	，	充分发挥	我国	社会主义	政治	制度	优越性	。	
	　	　	（	27	）	推动	人民代表大会	制度	与时俱进	。	坚持	人民	主体	地位	，	推进	人民代表大会	制度	理论	和	实践	创新	，	发挥	人民代表大会	制度	的	根本	政治	制度	作用	。	完善	中国	特色	社会主义	法律	体系	，	健全	立法	起草	、	论证	、	协调	、	审议	机制	，	提高	立法	质量	，	防止	地方	保护	和	部门	利益	法制化	。	健全	“	一府两院	”	由	人大	产生	、	对	人大	负责	、	受	人大	监督制度	。	健全	人大	讨论	、	决定	重大	事项	制度	，	各级	政府	重大	决策	出台	前向	本级	人大	报告	。	加强	人大	预算	决算	审查	监督	、	国有资产	监督	职能	。	落实	税收	法定	原则	。	加强	人大常委会	同	人大代表	的	联系	，	充分发挥	代表	作用	。	通过	建立健全	代表	联络	机构	、	网络平台	等	形式	密切	代表	同	人民	群众	联系	。	
	　	　	完善	人大	工作	机制	，	通过	座谈	、	听证	、	评估	、	公布	法律	草案	等	扩大	公民	有序	参与	立法	途径	，	通过	询问	、	质询	、	特定	问题	调查	、	备案	审查	等	积极	回应	社会	关切	。	
	　	　	（	28	）	推进	协商	民主	广泛	多层	制度化	发展	。	协商	民主	是	我国	社会主义	民主	政治	的	特有	形式	和	独特	优势	，	是	党	的	群众路线	在	政治	领域	的	重要	体现	。	在	党的领导	下	，	以	经济社会	发展	重大	问题	和	涉及	群众	切身利益	的	实际	问题	为	内容	，	在	全	社会	开展	广泛	协商	，	坚持	协商	于	决策	之前	和	决策	实施	之中	。	
	　	　	构建	程序	合理	、	环节	完整	的	协商	民主	体系	，	拓宽	国家	政权机关	、	政协	组织	、	党派	团体	、	基层组织	、	社会	组织	的	协商	渠道	。	深入开展	立法	协商	、	行政	协商	、	民主协商	、	参政	协商	、	社会	协商	。	加强	中国	特色	新型	智库	建设	，	建立健全	决策	咨询	制度	。	
	　	　	发挥	统一战线	在	协商	民主	中	的	重要	作用	。	完善	中国共产党	同	各	民主党派	的	政治协商	，	认真	听取	各	民主党派	和	无党派人士	意见	。	中共中央	根据	年度	工作	重点	提出	规划	，	采取	协商会	、	谈心会	、	座谈会	等	进行	协商	。	完善	民主党派	中央	直接	向	中共中央	提出	建议	制度	。	贯彻	党	的	民族	政策	，	保障	少数民族	合法权益	，	巩固	和	发展	平等	团结互助	和谐	的	社会主义	民族	关系	。	
	　	　	发挥	人民政协	作为	协商	民主	重要	渠道	作用	。	重点	推进	政治协商	、	民主监督	、	参政议政	制度化	、	规范化	、	程序化	。	各级党委	和	政府	、	政协	制定	并	组织	实施	协商	年度	工作	计划	，	就	一些	重要	决策	听取	政协	意见	。	完善	人民政协	制度	体系	，	规范	协商	内容	、	协商	程序	。	拓展	协商	民主	形式	，	更加	活跃	有序	地	组织	专题	协商	、	对口	协商	、	界别	协商	、	提案	办理	协商	，	增加	协商	密度	，	提高	协商	成效	。	在	政协	健全	委员	联络	机构	，	完善	委员	联络	制度	。	
	　	　	（	29	）	发展	基层	民主	。	畅通	民主	渠道	，	健全	基层	选举	、	议事	、	公开	、	述职	、	问责	等	机制	。	开展	形式多样	的	基层	民主协商	，	推进	基层	协商	制度化	，	建立健全	居民	、	村民	监督机制	，	促进	群众	在	城乡	社区	治理	、	基层	公共事务	和	公益事业	中	依法	自我管理	、	自我	服务	、	自我教育	、	自我	监督	。	健全	以	职工	代表大会	为	基本	形式	的	企事业	单位	民主	管理制度	，	加强	社会	组织	民主	机制	建设	，	保障	职工	参与	管理	和	监督	的	民主权利	。	
	　	　	九	、	推进	法治	中国	建设	
	　	　	建设	法治	中国	，	必须	坚持	依法治国	、	依法	执政	、	依法行政	共同	推进	，	坚持	法治	国家	、	法治	政府	、	法治	社会	一体	建设	。	深化	司法	体制改革	，	加快	建设	公正	高效	权威	的	社会主义	司法制度	，	维护	人民	权益	，	让	人民	群众	在	每	一个	司法	案件	中	都	感受	到	公平正义	。	
	　	　	（	30	）	维护	宪法	法律	权威	。	宪法	是	保证	党和国家	兴旺发达	、	长治久安	的	根本法	，	具有	最高	权威	。	要	进一步	健全	宪法	实施	监督机制	和	程序	，	把	全面	贯彻实施	宪法	提高	到	一个	新	水平	。	建立健全	全	社会	忠于	、	遵守	、	维护	、	运用	宪法	法律	的	制度	。	坚持	法律	面前	人人平等	，	任何	组织	或者	个人	都	不得	有	超越	宪法	法律	的	特权	，	一切	违反	宪法	法律	的	行为	都	必须	予以	追究	。	
	　	　	普遍	建立	法律顾问	制度	。	完善	规范性	文件	、	重大	决策	合法性	审查	机制	。	建立	科学	的	法治	建设	指标体系	和	考核	标准	。	健全	法规	、	规章	、	规范性	文件	备案	审查	制度	。	健全	社会	普法教育	机制	，	增强	全民	法治	观念	。	逐步	增加	有	地方	立法权	的	较大	的	市	数量	。	
	 	 	 	 	（	31	）	深化	行政	执法	体制改革	。	整合	执法	主体	，	相对	集中	执法权	，	推进	综合执法	，	着力	解决	权责	交叉	、	多头	执法	问题	，	建立	权责	统一	、	权威	高效	的	行政	执法	体制	。	减少	行政	执法	层级	，	加强	食品药品	、	安全	生产	、	环境保护	、	劳动	保障	、	海域	海岛	等	重点	领域	基层	执法	力量	。	理顺	城管	执法	体制	，	提高	执法	和	服务水平	。	
	　	　	完善	行政	执法	程序	，	规范	执法	自由	裁量权	，	加强	对	行政	执法	的	监督	，	全面落实	行政	执法	责任制	和	执法	经费	由	财政	保障制度	，	做到	严格	规范	公正	文明执法	。	完善	行政	执法	与	刑事	司法	衔接	机制	。	
	　	　	（	32	）	确保	依法	独立	公正	行使	审判权	检察	权	。	改革	司法	管理体制	，	推动	省	以下	地方法院	、	检察院	人财物	统一	管理	，	探索	建立	与	行政区划	适当	分离	的	司法	管辖	制度	，	保证	国家	法律	统一	正确	实施	。	
	　	　	建立	符合	职业	特点	的	司法人员	管理制度	，	健全	法官	、	检察官	、	人民警察	统一	招录	、	有序	交流	、	逐级	遴选	机制	，	完善	司法人员	分类	管理制度	，	健全	法官	、	检察官	、	人民警察	职业	保障制度	。	
	　	　	（	33	）	健全	司法	权力	运行机制	。	优化	司法	职权	配置	，	健全	司法	权力	分工负责	、	互相配合	、	互相制约	机制	，	加强	和	规范	对	司法	活动	的	法律	监督	和	社会	监督	。	
	　	　	改革	审判	委员会	制度	，	完善	主审	法官	、	合议庭	办案	责任制	，	让	审理	者	裁判	、	由	裁判	者	负责	。	明确	各级	法院	职能	定位	，	规范	上下级	法院	审级	监督	关系	。	
	　	　	推进	审判	公开	、	检务	公开	，	录制	并	保留	全程	庭审	资料	。	增强	法律文书	说	理性	，	推动	公开	法院	生效	裁判	文书	。	严格	规范	减刑	、	假释	、	保外就医	程序	，	强化	监督制度	。	广泛	实行	人民陪审员	、	人民	监督员	制度	，	拓宽	人民	群众	有序	参与	司法	渠道	。	
	　	　	（	34	）	完善	人权	司法	保障制度	。	国家	尊重	和	保障人权	。	进一步	规范	查封	、	扣押	、	冻结	、	处理	涉案	财物	的	司法程序	。	健全	错案	防止	、	纠正	、	责任	追究	机制	，	严禁	刑讯逼供	、	体罚	虐待	，	严格	实行	非法	证据	排除	规则	。	逐步	减少	适用	死刑	罪名	。	
	　	　	废止	劳动教养	制度	，	完善	对	违法犯罪	行为	的	惩治	和	矫正	法律	，	健全	社区	矫正	制度	。	
	　	　	健全	国家	司法	救助	制度	，	完善	法律援助	制度	。	完善	律师	执业	权利	保障机制	和	违法	违规	执业	惩戒	制度	，	加强	职业道德	建设	，	发挥	律师	在	依法	维护	公民	和	法人	合法权益	方面	的	重要	作用	。	
	　	　	十	、	强化	权力	运行	制约	和	监督	体系	
	　	　	坚持	用	制度	管权	管事	管	人	，	让	人民	监督	权力	，	让	权力	在	阳光	下	运行	，	是	把	权力	关进	制度	笼子	的	根本	之策	。	必须	构建	决策	科学	、	执行	坚决	、	监督有力	的	权力	运行	体系	，	健全	惩治	和	预防	腐败体系	，	建设	廉洁	政治	，	努力实现	干部	清正	、	政府	清廉	、	政治	清明	。	
	　	　	（	35	）	形成	科学	有效	的	权力	制约	和	协调	机制	。	完善	党和国家	领导	体制	，	坚持	民主集中制	，	充分发挥	党的领导	核心作用	。	规范	各级	党政	主要	领导	干部	职责	权限	，	科学	配置	党政部门	及	内设	机构	权力	和	职能	，	明确	职责	定位	和	工作	任务	。	
	　	　	加强	和	改进	对	主要	领导	干部	行使权力	的	制约	和	监督	，	加强	行政监察	和	审计	监督	。	
	　	　	推行	地方	各级	政府	及其	工作部门	权力	清单	制度	，	依法	公开	权力	运行	流程	。	完善	党务	、	政务	和	各	领域	办事	公开	制度	，	推进	决策	公开	、	管理	公开	、	服务	公开	、	结果	公开	。	
	　	　	（	36	）	加强	反腐败	体制	机制	创新	和	制度	保障	。	加强	党	对	党风廉政	建设	和	反腐败	工作	统一	领导	。	改革	党的纪律	检查	体制	，	健全	反腐败	领导	体制	和	工作	机制	，	改革	和	完善	各级	反腐败	协调	小组	职能	。	
	　	　	落实	党风廉政	建设	责任制	，	党委	负	主体	责任	，	纪委	负	监督	责任	，	制定	实施	切实可行	的	责任	追究	制度	。	各级	纪委	要	履行	协助	党委	加强	党风建设	和	组织协调	反腐败	工作	的	职责	，	加强	对	同级	党委	特别	是	常委会	成员	的	监督	，	更好	发挥	党内	监督	专门	机关	作用	。	
	　	　	推动	党的纪律	检查	工作	双重领导	体制	具体化	、	程序化	、	制度化	，	强化	上级	纪委	对	下级	纪委	的	领导	。	查办	腐败	案件	以	上级	纪委	领导	为主	，	线索	处置	和	案件	查办	在	向	同级	党委	报告	的	同时	必须	向	上级	纪委	报告	。	各级	纪委书记	、	副	书记	的	提名	和	考察	以	上级	纪委	会同	组织部门	为主	。	
	　	　	全面落实	中央纪委	向	中央	一级	党	和	国家机关	派驻	纪检	机构	，	实行	统一	名称	、	统一	管理	。	派驻	机构	对	派出	机关	负责	，	履行	监督	职责	。	改进	中央	和	省区市	巡视	制度	，	做到	对	地方	、	部门	、	企事业	单位	全	覆盖	。	
	　	　	健全	反腐倡廉	法规	制度	体系	，	完善	惩治	和	预防	腐败	、	防控	廉政	风险	、	防止	利益冲突	、	领导	干部	报告	个人	有关	事项	、	任职	回避	等	方面	法律法规	，	推行	新	提任	领导	干部	有关	事项	公开	制度	试点	。	健全	民主监督	、	法律	监督	、	舆论监督	机制	，	运用	和	规范	互联网	监督	。	
	　	　	（	37	）	健全	改进	作风	常态	化	制度	。	围绕	反对	形式主义	、	官僚主义	、	享乐主义	和	奢靡	之风	，	加快	体制	机制	改革	和	建设	。	健全	领导	干部带头	改进	作风	、	深入基层	调查	研究	机制	，	完善	直接	联系	和	服务	群众	制度	。	改革	会议	公文	制度	，	从	中央	做起	带头	减少	会议	、	文件	，	着力	改进	会	风	文风	。	健全	严格	的	财务预算	、	核准	和	审计	制度	，	着力	控制	“	三公	”	经费支出	和	楼堂馆所	建设	。	完善	选人	用人	专项	检查和	责任	追究	制度	，	着力	纠正	跑官	要官	等	不正之风	。	改革	政绩	考核	机制	，	着力	解决	“	形象工程	”	、	“	政绩	工程	”	以及	不	作为	、	乱	作为	等	问题	。	
	　	　	规范	并	严格执行	领导	干部	工作	生活	保障制度	，	不准	多处	占用	住房	和	办公用房	，	不准	超标准	配备	办公用房	和	生活	用房	，	不准	违规	配备	公车	，	不准	违规	配备	秘书	，	不准	超	规格	警卫	，	不准	超标准	进行	公务	接待	，	严肃查处	违反规定	超标准	享受	待遇	等	问题	。	探索	实行	官邸	制	。	
	　	　	完善	并	严格执行	领导	干部	亲属	经商	、	担任	公职	和	社会	组织	职务	、	出国	定居	等	相关	制度	规定	，	防止	领导	干部	利用	公共	权力	或	自身	影响	为	亲属	和	其他	特定	关系人	谋取私利	，	坚决	反对	特权思想	和	作风	。	
	　	　	十一	、	推进	文化	体制	机制	创新	
	　	　	建设	社会主义	文化	强国	，	增强	国家	文化	软	实力	，	必须	坚持	社会主义	先进	文化	前进方向	，	坚持	中国	特色	社会主义	文化	发展	道路	，	培育	和	践行	社会主义	核心	价值观	，	巩固	马克思主义	在	意识形态	领域	的	指导	地位	，	巩固	全党全国	各族人民	团结奋斗	的	共同	思想	基础	。	坚持	以	人民	为	中心	的	工作	导向	，	坚持	把	社会效益	放在首位	、	社会效益	和	经济效益	相	统一	，	以	激发	全	民族	文化	创造	活力	为	中心环节	，	进一步	深化	文化	体制改革	。	
	　	　	（	38	）	完善	文化	管理体制	。	按照	政企分开	、	政事	分开	原则	，	推动	政府部门	由办	文化	向管	文化	转变	，	推动	党政部门	与其	所属	的	文化	企事业	单位	进一步	理顺	关系	。	建立	党委	和	政府	监管	国有	文化	资产	的	管理机构	，	实行	管	人	管事	管	资产	管	导向	相	统一	。	
	　	　	健全	坚持	正确	舆论导向	的	体制	机制	。	健全	基础	管理	、	内容	管理	、	行业	管理	以及	网络	违法犯罪	防范	和	打击	等	工作	联动机制	，	健全	网络	突发事件	处置	机制	，	形成	正面	引导	和	依法	管理	相结合	的	网络	舆论	工作	格局	。	整合	新闻媒体	资源	，	推动	传统媒体	和	新兴	媒体	融合	发展	。	推动	新闻	发布	制度化	。	严格	新闻	工作者	职业资格	制度	，	重视	新型	媒介	运用	和	管理	，	规范	传播	秩序	。	
	　	　	（	39	）	建立健全	现代	文化	市场	体系	。	完善	文化	市场准入	和	退出	机制	，	鼓励	各类	市场主体	公平竞争	、	优胜劣汰	，	促进	文化	资源	在	全国	范围	内	流动	。	继续	推进	国有	经营性	文化	单位	转企	改制	，	加快	公司制	、	股份制	改造	。	对	按规定	转制	的	重要	国有	传媒	企业	探索	实行	特殊	管理	股	制度	。	推动	文化	企业	跨地区	、	跨行业	、	跨	所有制	兼并	重组	，	提高	文化产业	规模化	、	集约化	、	专业化	水平	。	
	　	　	鼓励	非公有制	文化	企业	发展	，	降低	社会	资本	进入	门槛	，	允许	参与	对外	出版	、	网络	出版	，	允许	以	控股	形式	参与	国有	影视制作	机构	、	文艺	院团	改制	经营	。	支持	各种	形式	小微	文化	企业	发展	。	
	　	　	在	坚持	出版权	、	播出	权	特许	经营	前提	下	，	允许	制作	和	出版	、	制作	和	播出	分开	。	建立	多层次	文化	产品	和	要素	市场	，	鼓励	金融资本	、	社会	资本	、	文化	资源	相结合	。	完善	文化	经济	政策	，	扩大	政府	文化	资助	和	文化	采购	，	加强	版权保护	。	健全	文化	产品	评价	体系	，	改革	评奖	制度	，	推出	更	多	文化	精品	。	
	　	　	（	40	）	构建	现代	公共	文化	服务体系	。	建立	公共	文化	服务体系	建设	协调	机制	，	统筹	服务设施	网络	建设	，	促进	基本	公共	文化	服务	标准化	、	均等化	。	建立	群众	评价	和	反馈	机制	，	推动	文化	惠民	项目	与	群众	文化	需求	有效	对接	。	整合	基层	宣传	文化	、	党员	教育	、	科学普及	、	体育	健身	等	设施	，	建设	综合性	文化	服务中心	。	
	　	　	明确	不同	文化	事业单位	功能定位	，	建立	法人	治理	结构	，	完善	绩效考核	机制	。	推动	公共	图书馆	、	博物馆	、	文化馆	、	科技馆	等	组建	理事会	，	吸纳	有关	方面	代表	、	专业人士	、	各界	群众	参与	管理	。	
	　	　	引入	竞争机制	，	推动	公共	文化	服务	社会化	发展	。	鼓励	社会	力量	、	社会	资本	参与	公共	文化	服务体系	建设	，	培育	文化	非营利	组织	。	
	　	　	（	41	）	提高	文化	开放	水平	。	坚持	政府	主导	、	企业	主体	、	市场运作	、	社会	参与	，	扩大	对外	文化交流	，	加强	国际	传播	能力	和	对外	话语	体系	建设	，	推动	中华文化	走向世界	。	理顺	内宣	外宣	体制	，	支持	重点	媒体	面向	国内	国际	发展	。	培育	外向型	文化	企业	，	支持	文化	企业	到	境外	开拓市场	。	鼓励	社会	组织	、	中资	机构	等	参与	孔子	学院	和	海外	文化	中心	建设	，	承担	人文	交流	项目	。	
	　	　	积极	吸收	借鉴	国外	一切	优秀	文化	成果	，	引进	有利于	我国	文化	发展	的	人才	、	技术	、	经营	管理	经验	。	切实	维护	国家	文化	安全	。	
	 	 	 	 	十二	、	推进	社会	事业	改革	创新	
	　	　	实现	发展	成果	更	多	更	公平	惠及	全体	人民	，	必须	加快	社会	事业	改革	，	解决	好	人民	最	关心	最	直接	最	现实	的	利益	问题	，	努力	为	社会	提供	多样化	服务	，	更好	满足	人民	需求	。	
	　	　	（	42	）	深化	教育领域	综合	改革	。	全面	贯彻	党	的	教育方针	，	坚持	立德	树	人	，	加强	社会主义	核心	价值体系	教育	，	完善	中华	优秀	传统	文化教育	，	形成	爱	学习	、	爱劳动	、	爱祖国	活动	的	有效	形式	和	长效机制	，	增强	学生	社会	责任感	、	创新	精神	、	实践	能力	。	强化	体育课	和	课外	锻炼	，	促进	青少年	身心健康	、	体魄	强健	。	改进	美育	教学	，	提高	学生	审美	和	人文	素养	。	大力	促进	教育	公平	，	健全	家庭	经济	困难	学生	资助	体系	，	构建	利用	信息化	手段	扩大	优质	教育资源	覆盖面	的	有效	机制	，	逐步	缩小	区域	、	城乡	、	校际	差距	。	统筹	城乡	义务教育	资源	均衡	配置	，	实行	公办	学校	标准化	建设	和	校长	教师	交流	轮岗	，	不设	重点	学校	重点班	，	破解	择校	难题	，	标本兼治	减轻	学生	课业负担	。	加快	现代	职业	教育	体系	建设	，	深化	产教	融合	、	校企	合作	，	培养	高素质	劳动者	和	技能型	人才	。	创新	高校	人才培养	机制	，	促进	高校	办出	特色	争创	一流	。	推进	学前教育	、	特殊教育	、	继续	教育	改革	发展	。	
	　	　	推进	考试	招生	制度	改革	，	探索	招生	和	考试	相对	分离	、	学生	考试	多次	选择	、	学校	依法	自主	招生	、	专业	机构	组织	实施	、	政府	宏观管理	、	社会	参与	监督	的	运行机制	，	从根本上	解决	一考定	终身	的	弊端	。	义务教育	免试	就近入学	，	试行	学区制	和	九年	一贯	对口	招生	。	推行	初高中	学业	水平	考试	和	综合	素质	评价	。	加快	推进	职业院校	分类	招考	或	注册	入学	。	逐步	推行	普通高校	基于	统一	高考	和	高中	学业	水平	考试成绩	的	综合	评价	多元	录取	机制	。	探索	全国	统考	减少	科目	、	不	分	文理科	、	外语	等	科目	社会化	考试	一年	多考	。	试行	普通高校	、	高职	院校	、	成人	高校	之间	学分	转换	，	拓宽	终身	学习	通道	。	
	　	　	深入	推进	管办评	分离	，	扩大	省级	政府	教育	统筹	权	和	学校	办学	自主权	，	完善	学校	内部	治理	结构	。	强化	国家	教育	督导	，	委托	社会	组织	开展	教育	评估	监测	。	健全	政府	补贴	、	政府	购买	服务	、	助学	贷款	、	基金	奖励	、	捐资	激励	等	制度	，	鼓励	社会	力量	兴办	教育	。	
	　	　	（	43	）	健全	促进	就业	创业	体制	机制	。	建立	经济	发展	和	扩大	就业	的	联动机制	，	健全	政府	促进	就业	责任	制度	。	规范	招	人	用人	制度	，	消除	城乡	、	行业	、	身份	、	性别	等	一切	影响	平等	就业	的	制度	障碍	和	就业	歧视	。	完善	扶持	创业	的	优惠政策	，	形成	政府	激励	创业	、	社会	支持	创业	、	劳动者	勇于	创业	新机制	。	完善	城乡	均等	的	公共	就业	创业	服务体系	，	构建	劳动者	终身	职业培训	体系	。	增强	失业	保险制度	预防	失业	、	促进	就业	功能	，	完善	就业	失业	监测	统计	制度	。	创新	劳动	关系	协调	机制	，	畅通	职工	表达	合理	诉求	渠道	。	
	　	　	促进	以	高校	毕业生	为	重点	的	青年	就业	和	农村	转移	劳动力	、	城镇	困难	人员	、	退役军人	就业	。	结合	产业	升级	开发	更	多	适合	高校	毕业生	的	就业	岗位	。	政府	购买	基层	公共	管理	和	社会	服务	岗位	更	多	用于	吸纳	高校	毕业生	就业	。	健全	鼓励	高校	毕业生	到	基层工作	的	服务	保障机制	，	提高	公务员	定向	招录	和	事业单位	优先	招聘	比例	。	实行	激励	高校	毕业生	自主	创业	政策	，	整合	发展	国家	和	省级	高校	毕业生	就业	创业基金	。	实施	离校	未	就业	高校	毕业生	就业	促进	计划	，	把	未	就业	的	纳入	就业	见习	、	技能	培训	等	就业	准备	活动	之中	，	对	有	特殊	困难	的	实行	全程	就业	服务	。	
	　	　	（	44	）	形成	合理	有序	的	收入	分配	格局	。	着重	保护	劳动所得	，	努力实现	劳动报酬	增长	和	劳动生产率	提高	同步	，	提高	劳动报酬	在	初次	分配	中	的	比重	。	健全	工资	决定	和	正常	增长	机制	，	完善	最低工资	和	工资	支付	保障制度	，	完善	企业	工资	集体	协商	制度	。	改革	机关	事业单位	工资	和	津贴	补贴	制度	，	完善	艰苦	边远地区	津贴	增长	机制	。	健全	资本	、	知识	、	技术	、	管理	等	由	要素	市场	决定	的	报酬	机制	。	扩展	投资	和	租赁	服务	等	途径	，	优化	上市公司	投资者	回报	机制	，	保护	投资者	尤其	是	中小	投资者	合法权益	，	多渠道	增加	居民	财产性	收入	。	
	　	　	完善	以	税收	、	社会保障	、	转移	支付	为	主要	手段	的	再	分配	调节	机制	，	加大	税收	调节	力度	。	建立	公共资源	出让	收益	合理	共享	机制	。	完善	慈善	捐助	减免税	制度	，	支持	慈善事业	发挥	扶贫济困	积极	作用	。	
	　	　	规范	收入	分配	秩序	，	完善	收入	分配	调控	体制	机制	和	政策	体系	，	建立	个人收入	和	财产	信息系统	，	保护	合法收入	，	调节	过高	收入	，	清理	规范	隐性	收入	，	取缔	非法收入	，	增加	低收入者	收入	，	扩大	中等	收入者	比重	，	努力	缩小	城乡	、	区域	、	行业	收入	分配	差距	，	逐步形成	橄榄型	分配	格局	。	
	　	　	（	45	）	建立	更加	公平	可	持续	的	社会保障	制度	。	坚持	社会	统筹	和	个人账户	相结合	的	基本	养老保险	制度	，	完善	个人账户	制度	，	健全	多缴	多	得	激励机制	，	确保	参保	人	权益	，	实现	基础	养老金	全国	统筹	，	坚持	精算	平衡	原则	。	推进	机关	事业单位	养老保险	制度	改革	。	整合	城乡居民	基本	养老保险	制度	、	基本	医疗保险	制度	。	推进	城乡	最低	生活	保障制度	统筹	发展	。	建立健全	合理	兼顾	各类	人员	的	社会保障	待遇	确定	和	正常	调整机制	。	完善	社会保险	关系	转移	接续	政策	，	扩大	参保	缴费	覆盖面	，	适时	适当	降低	社会	保险费率	。	研究	制定	渐进式	延迟	退休年龄	政策	。	加快	健全	社会保障	管理体制	和	经办	服务体系	。	健全	符合国情	的	住房	保障	和	供应	体系	，	建立	公开	规范	的	住房	公积金	制度	，	改进	住房	公积金	提取	、	使用	、	监管	机制	。	
	　	　	健全	社会保障	财政投入	制度	，	完善	社会保障	预算	制度	。	加强	社会保险	基金	投资	管理	和	监督	，	推进	基金	市场化	、	多元化	投资	运营	。	制定	实施	免税	、	延期	征税	等	优惠政策	，	加快	发展	企业	年	金	、	职业	年	金	、	商业保险	，	构建	多层次	社会保障	体系	。	
	　	　	积极	应对	人口老龄化	，	加快	建立	社会	养老	服务体系	和	发展	老年	服务	产业	。	健全	农村	留守	儿童	、	妇女	、	老年人	关爱	服务体系	，	健全	残疾人	权益	保障	、	困境	儿童	分类	保障制度	。	
	　	　	（	46	）	深化	医药卫生	体制改革	。	统筹	推进	医疗保障	、	医疗	服务	、	公共卫生	、	药品	供应	、	监管	体制	综合	改革	。	深化	基层	医疗卫生	机构	综合	改革	，	健全	网络化	城乡	基层	医疗卫生	服务	运行机制	。	加快	公立医院	改革	，	落实	政府	责任	，	建立	科学	的	医疗	绩效评价	机制	和	适应	行业	特点	的	人才培养	、	人事	薪酬	制度	。	完善	合理	分级	诊疗	模式	，	建立	社区	医生	和	居民	契约	服务	关系	。	充分利用	信息化	手段	，	促进	优质	医疗	资源	纵向	流动	。	加强	区域	公共卫生	服务	资源整合	。	取消	以	药补	医	，	理顺	医药	价格	，	建立	科学	补偿	机制	。	改革	医保	支付	方式	，	健全	全民	医保	体系	。	加快	健全	重特大	疾病	医疗保险	和	救助	制度	。	完善	中医药	事业	发展	政策	和	机制	。	
	　	　	鼓励	社会	办医	，	优先	支持	举办	非营利性	医疗机构	。	社会	资金	可	直接	投向	资源	稀缺	及	满足	多元	需求	服务	领域	，	多种形式	参与	公立医院	改制	重组	。	允许	医师	多点	执业	，	允许	民办	医疗机构	纳入	医保	定点	范围	。	
	　	　	坚持	计划生育	的	基本国策	，	启动	实施	一方	是	独生子女	的	夫妇	可	生育	两个	孩子	的	政策	，	逐步	调整	完善	生育	政策	，	促进	人口	长期	均衡	发展	。	
	　	　	十三	、	创新	社会	治理	体制	
	　	　	创新	社会	治理	，	必须	着眼于	维护	最	广大	人民	根本利益	，	最大	限度	增加	和谐	因素	，	增强	社会	发展	活力	，	提高	社会	治理	水平	，	全面	推进	平安	中国	建设	，	维护	国家	安全	，	确保	人民	安居乐业	、	社会安定	有序	。	
	　	　	（	47	）	改进	社会	治理	方式	。	坚持	系统	治理	，	加强	党委	领导	，	发挥	政府	主导作用	，	鼓励	和	支持	社会	各	方面	参与	，	实现	政府	治理	和	社会	自我调节	、	居民	自治	良性	互动	。	坚持	依法治理	，	加强	法治	保障	，	运用	法治	思维	和	法治	方式	化解	社会	矛盾	。	坚持	综合治理	，	强化	道德	约束	，	规范	社会	行为	，	调节	利益	关系	，	协调	社会关系	，	解决	社会	问题	。	坚持	源头	治理	，	标本兼治	、	重在	治本	，	以	网格化	管理	、	社会化	服务	为	方向	，	健全	基层	综合	服务	管理	平台	，	及时	反映	和	协调	人民	群众	各	方面	各层次	利益	诉求	。	
	　	　	（	48	）	激发	社会	组织	活力	。	正确处理	政府	和	社会关系	，	加快	实施	政社	分开	，	推进	社会	组织	明确	权责	、	依法	自治	、	发挥作用	。	适合	由	社会	组织	提供	的	公共服务	和	解决	的	事项	，	交由	社会	组织	承担	。	支持	和	发展	志愿	服务	组织	。	限期	实现	行业协会	商会	与	行政	机关	真正	脱钩	，	重点	培育	和	优先发展	行业协会	商会	类	、	科技类	、	公益	慈善	类	、	城乡	社区服务	类	社会	组织	，	成立	时	直接	依法	申请	登记	。	加强	对	社会	组织	和	在	华	境外	非政府	组织	的	管理	，	引导	它们	依法	开展	活动	。	
	　	　	（	49	）	创新	有效	预防	和	化解	社会	矛盾	体制	。	健全	重大	决策	社会	稳定	风险	评估	机制	。	建立	畅通	有序	的	诉求	表达	、	心理	干预	、	矛盾	调处	、	权益	保障机制	，	使	群众	问题	能	反映	、	矛盾	能	化解	、	权益	有	保障	。	
	　	　	改革	行政复议	体制	，	健全	行政复议	案件	审理	机制	，	纠正	违法	或	不当	行政	行为	。	完善	人民调解	、	行政	调解	、	司法	调解	联动	工作	体系	，	建立	调处	化解矛盾	纠纷	综合	机制	。	
	　	　	改革	信访工作	制度	，	实行	网上	受理	信访	制度	，	健全	及时	就地解决	群众	合理	诉求	机制	。	把	涉法	涉诉	信访	纳入	法治	轨道	解决	，	建立	涉法	涉诉	信访	依法	终结	制度	。	
	　	　	（	50	）	健全	公共安全	体系	。	完善	统一	权威	的	食品药品	安全监管	机构	，	建立	最	严格	的	覆盖	全过程	的	监管	制度	，	建立	食品	原产地	可追溯	制度	和	质量	标识	制度	，	保障	食品药品	安全	。	深化	安全	生产	管理	体制改革	，	建立	隐患	排查	治理	体系	和	安全	预防	控制	体系	，	遏制	重特大	安全事故	。	健全	防灾	减灾	救灾	体制	。	加强	社会治安	综合治理	，	创新	立体化	社会治安	防控	体系	，	依法	严密	防范	和	惩治	各类	违法犯罪	活动	。	
	　	　	坚持	积极	利用	、	科学	发展	、	依法	管理	、	确保安全	的	方针	，	加大	依法	管理网络	力度	，	加快	完善	互联网	管理	领导	体制	，	确保	国家	网络	和	信息安全	。	
	　	　	设立	国家	安全	委员会	，	完善	国家	安全	体制	和	国家	安全	战略	，	确保	国家	安全	。	
	 	 	 	 	十四	、	加快	生态	文明	制度	建设	
	　	　	建设	生态	文明	，	必须	建立	系统	完整	的	生态	文明	制度	体系	，	实行	最	严格	的	源头	保护	制度	、	损害赔偿	制度	、	责任	追究	制度	，	完善	环境治理	和	生态	修复	制度	，	用	制度	保护	生态环境	。	
	　	　	（	51	）	健全	自然资源	资产	产权制度	和	用途	管制	制度	。	对	水流	、	森林	、	山岭	、	草原	、	荒地	、	滩涂	等	自然生态	空间	进行	统一	确权	登记	，	形成	归属	清晰	、	权责	明确	、	监管	有效	的	自然资源	资产	产权制度	。	建立	空间规划	体系	，	划定	生产	、	生活	、	生态	空间	开发	管制	界限	，	落实	用途	管制	。	健全	能源	、	水	、	土地	节约	集约	使用	制度	。	
	　	　	健全	国家	自然资源	资产	管理体制	，	统一	行使	全民所有	自然资源	资产	所有者	职责	。	完善	自然资源	监管	体制	，	统一	行使	所有	国土	空间	用途	管制	职责	。	
	　	　	（	52	）	划定	生态	保护	红线	。	坚定不移	实施	主体	功能区	制度	，	建立	国土	空间	开发	保护	制度	，	严格	按照	主体	功能区	定位	推动	发展	，	建立	国家	公园	体制	。	建立	资源	环境	承载能力	监测	预警	机制	，	对	水土资源	、	环境容量	和	海洋资源	超载	区域	实行	限制性	措施	。	对	限制	开发	区域	和	生态	脆弱	的	国家	扶贫开发	工作	重点县	取消	地区	生产总值	考核	。	
	　	　	探索	编制	自然资源	资产	负债表	，	对	领导	干部	实行	自然资源	资产	离任	审计	。	建立	生态环境	损害	责任	终身	追究制	。	
	　	　	（	53	）	实行	资源	有偿	使用	制度	和	生态	补偿	制度	。	加快	自然资源	及其	产品价格	改革	，	全面	反映	市场	供求	、	资源	稀缺	程度	、	生态环境	损害	成本	和	修复	效益	。	坚持	使用	资源	付费	和	谁	污染环境	、	谁	破坏	生态	谁	付费	原则	，	逐步	将	资源税	扩展	到	占用	各种	自然生态	空间	。	稳定	和	扩大	退耕还林	、	退牧	还	草	范围	，	调整	严重	污染	和	地下水	严重	超采	区	耕地	用途	，	有序	实现	耕地	、	河湖	休养生息	。	建立	有效	调节	工业用地	和	居住用地	合理	比价	机制	，	提高	工业用地	价格	。	坚持	谁	受益	、	谁	补偿	原则	，	完善	对	重点	生态	功能区	的	生态	补偿	机制	，	推动	地区	间	建立	横向	生态	补偿	制度	。	发展	环保	市场	，	推行	节	能量	、	碳	排放	权	、	排污权	、	水	权	交易	制度	，	建立	吸引	社会	资本	投入	生态	环境保护	的	市场化	机制	，	推行	环境污染	第三方	治理	。	
	　	　	（	54	）	改革	生态	环境保护	管理体制	。	建立	和	完善	严格	监管	所有	污染物	排放	的	环境保护	管理制度	，	独立	进行	环境	监管	和	行政	执法	。	建立	陆海	统筹	的	生态系统	保护	修复	和	污染	防治	区域	联动机制	。	健全	国有	林区	经营	管理体制	，	完善	集体	林权	制度	改革	。	及时	公布	环境	信息	，	健全	举报	制度	，	加强	社会	监督	。	完善	污染物	排放	许可	制	，	实行	企事业	单位	污染物	排放	总量	控制	制度	。	对	造成	生态环境	损害	的	责任者	严格	实行	赔偿制度	，	依法追究	刑事责任	。	
	　	　	十五	、	深化	国防	和	军队	改革	
	　	　	紧紧围绕	建设	一支	听党	指挥	、	能	打胜仗	、	作风	优良	的	人民军队	这一党	在	新形势下	的	强军	目标	，	着力	解决	制约	国防	和	军队	建设	发展	的	突出	矛盾	和	问题	，	创新	发展	军事	理论	，	加强	军事战略	指导	，	完善	新	时期	军事	战略方针	，	构建	中国	特色	现代	军事力量	体系	。	
	　	　	（	55	）	深化	军队	体制	编制	调整	改革	。	推进	领导	管理	体制改革	，	优化	军委	总部	领导	机关	职能	配置	和	机构	设置	，	完善	各军兵种	领导	管理体制	。	健全	军委	联合作战	指挥机构	和	战区	联合作战	指挥	体制	，	推进	联合作战	训练	和	保障	体制改革	。	完善	新型	作战	力量	领导	体制	。	加强	信息化	建设	集中	统管	。	优化	武装警察	部队	力量	结构	和	指挥	管理体制	。	
	　	　	优化	军队	规模	结构	，	调整	改善	军兵种	比例	、	官兵	比例	、	部队	与	机关	比例	，	减少	非战斗	机构	和	人员	。	依据	不同	方向	安全	需求	和	作战	任务	改革	部队	编成	。	加快	新型	作战	力量	建设	。	深化	军队院校	改革	，	健全	军队院校	教育	、	部队	训练	实践	、	军事	职业	教育	三位一体	的	新型	军事	人才培养	体系	。	
	　	　	（	56	）	推进	军队	政策	制度	调整	改革	。	健全	完善	与	军队	职能	任务	需求	和	国家	政策	制度	创新	相适应	的	军事	人力资源	政策	制度	。	以	建立	军官	职业化	制度	为	牵引	，	逐步形成	科学规范	的	军队干部	制度	体系	。	健全	完善	文职人员	制度	。	完善	兵役制度	、	士官	制度	、	退役军人	安置	制度	改革	配套	政策	。	
	　	　	健全	军费	管理制度	，	建立	需求	牵引	规划	、	规划	主导	资源配置	机制	。	健全	完善	经费	物资	管理	标准	制度	体系	。	深化	预算	管理	、	集中	收付	、	物资	采购	和	军人	医疗	、	保险	、	住房	保障	等	制度	改革	。	
	　	　	健全	军事	法规	制度	体系	，	探索	改进	部队	科学管理	的	方式	方法	。	
	　	　	（	57	）	推动	军民	融合	深度	发展	。	在	国家	层面	建立	推动	军民	融合	发展	的	统一	领导	、	军	地	协调	、	需求	对接	、	资源共享	机制	。	健全	国防	工业体系	，	完善	国防科技	协同	创新	体制	，	改革	国防	科研	生产	管理	和	武器装备	采购	体制	机制	，	引导	优势	民营企业	进入	军品	科研	生产	和	维修	领域	。	改革	完善	依托	国民	教育培养	军事	人才	的	政策	制度	。	拓展	军队	保障	社会化	领域	。	深化	国防教育	改革	。	健全	国防	动员	体制	机制	，	完善	平时	征用	和	战时	动员	法规	制度	。	深化	民兵	预备役	体制改革	。	调整	理顺	边海	空防	管理体制	机制	。	
	　	　	十六	、	加强	和	改善	党	对	全面	深化改革	的	领导	
	　	　	全面	深化改革	必须	加强	和	改善	党的领导	，	充分发挥	党	总揽全局	、	协调	各方	的	领导	核心作用	，	建设	学习型	、	服务型	、	创新型	的	马克思主义	执政党	，	提高	党的领导	水平	和	执政	能力	，	确保	改革	取得成功	。	
	　	　	（	58	）	全党同志	要	把	思想	和	行动	统一	到	中央	关于	全面	深化改革	重大	决策	部署	上来	，	正确处理	中央	和	地方	、	全局	和	局部	、	当前	和	长远	的	关系	，	正确对待	利益	格局	调整	，	充分发扬	党内	民主	，	坚决	维护	中央	权威	，	保证	政令畅通	，	坚定不移	实现	中央	改革	决策	部署	。	
	　	　	中央	成立	全面	深化改革	领导小组	，	负责	改革	总体设计	、	统筹	协调	、	整体	推进	、	督促	落实	。	
	　	　	各级党委	要	切实	履行	对	改革	的	领导	责任	，	完善	科学	民主决策	机制	，	以	重大	问题	为	导向	，	把	各项改革	举措	落到实处	。	加强	各级	领导班子	建设	，	完善	干部	教育	培训	和	实践	锻炼	制度	，	不断	提高	领导班子	和	领导	干部	推动	改革	能力	。	创新	基层	党建	工作	，	健全	党	的	基层组织	体系	，	充分发挥	基层	党组织	的	战斗	堡垒作用	，	引导	广大党员	积极	投身	改革	事业	，	发扬	“	钉钉子	”	精神	，	抓铁有	痕	、	踏石	留印	，	为	全面	深化改革	作出	积极	贡献	。	
	　	　	（	59	）	全面	深化改革	，	需要	有力	的	组织	保证	和	人才	支撑	。	坚持	党管	干部	原则	，	深化	干部人事	制度	改革	，	构建	有效	管用	、	简便易行	的	选人	用人	机制	，	使	各	方面	优秀干部	充分	涌现	。	发挥	党组织	领导	和	把关	作用	，	强化	党委	（	党组	）	、	分管领导	和	组织部门	在	干部	选拔	任用	中	的	权重	和	干部	考察	识别	的	责任	，	改革	和	完善	干部	考核	评价	制度	，	改进	竞争性	选拔干部	办法	，	改进	优秀	年轻干部	培养	选拔	机制	，	区分	实施	选任	制	和	委任制	干部	选拔	方式	，	坚决	纠正	唯票	取人	、	唯分	取人	等	现象	，	用	好	各	年龄段	干部	，	真正	把	信念	坚定	、	为民服务	、	勤政	务实	、	敢于	担当	、	清正廉洁	的	好	干部	选拔	出来	。	
	　	　	打破	干部	部门化	，	拓宽	选人	视野	和	渠道	，	加强	干部	跨	条块	跨	领域	交流	。	破除	“	官本位	”	观念	，	推进	干部	能上能下	、	能进能出	。	完善	和	落实	领导	干部	问责制	，	完善	从严	管理	干部队伍	制度	体系	。	深化	公务员	分类	改革	，	推行	公务员	职务	与	职级	并行	、	职级	与	待遇	挂钩	制度	，	加快	建立	专业	技术类	、	行政	执法	类	公务员	和	聘任	人员	管理制度	。	完善	基层	公务员	录用	制度	，	在	艰苦	边远地区	适当	降低	进入	门槛	。	
	　	　	建立	集聚	人才	体制	机制	，	择	天下	英才	而用	之	。	打破	体制	壁垒	，	扫除	身份	障碍	，	让	人人	都	有	成长	成才	、	脱颖而出	的	通道	，	让	各类	人才	都	有	施展才华	的	广阔天地	。	完善	党政机关	、	企事业	单位	、	社会	各	方面	人才	顺畅	流动	的	制度	体系	。	健全	人才	向	基层	流动	、	向	艰苦	地区	和	岗位	流动	、	在	一线	创业	的	激励机制	。	加快	形成	具有	国际	竞争力	的	人才	制度	优势	，	完善	人才	评价	机制	，	增强	人才	政策	开放度	，	广泛	吸引	境外	优秀人才	回国	或	来华	创业	发展	。	
	　	　	（	60	）	人民	是	改革	的	主体	，	要	坚持	党	的	群众路线	，	建立	社会	参与	机制	，	充分发挥	人民	群众	积极性	、	主动性	、	创造性	，	充分发挥	工会	、	共青团	、	妇联	等	人民团体	作用	，	齐心协力	推进改革	。	鼓励	地方	、	基层	和	群众	大胆	探索	，	加强	重大	改革	试点工作	，	及时	总结经验	，	宽容	改革	失误	，	加强	宣传	和	舆论	引导	，	为	全面	深化改革	营造	良好	社会	环境	。	
	　	　	全党同志	要	紧密团结	在	以	习近平	同志	为	总书记	的	党中央	周围	，	锐意进取	，	攻坚克难	，	谱写	改革开放	伟大事业	历史	新篇章	，	为	全面	建成	小康社会	、	不断	夺取	中国	特色	社会主义	新	胜利	、	实现	中华民族	伟大	复兴	的	中国	梦	而	奋斗	！	
	
